<?xml version="1.0" encoding="UTF-8"?>
<!-- Generated by org.testng.reporters.JUnitXMLReporter -->
<testsuite ignored="3" hostname="Renu" failures="0" tests="1" name="Delete Portfolio Delete Existing Portfolio iteration 2" time="0.091" errors="0" timestamp="2022-01-25T15:57:28 IST">
  <testcase classname="testbase.BaseTest" name="@BeforeTest beforeTest" time="0.048">
    <skipped/>
  </testcase> <!-- @BeforeTest beforeTest -->
  <testcase classname="testcases.rediff.PortfolioManagement" name="deletePortfolio" time="0.0">
    <skipped/>
  </testcase> <!-- deletePortfolio -->
  <testcase classname="testcases.rediff.PortfolioManagement" name="selectPortFolio" time="0.0">
    <ignored/>
  </testcase> <!-- selectPortFolio -->
  <testcase classname="testcases.rediff.PortfolioManagement" name="verifyPortfolio" time="0.0">
    <ignored/>
  </testcase> <!-- verifyPortfolio -->
  <testcase classname="testcases.rediff.PortfolioManagement" name="createPortfolio" time="0.0">
    <ignored/>
  </testcase> <!-- createPortfolio -->
</testsuite> <!-- Delete Portfolio Delete Existing Portfolio iteration 2 -->
